

> frontend@0.1.0 build /home/dcdavidev/bastion/apps/web
> react-router build

[36mvite v7.3.1 [32mbuilding client environment for production...[36m[39m
[2K[1Gtransforming (1) [2m../../node_modules/.pnpm/@react-router+dev@7.12.0_@react-router+serve@7.12.0_react-router@7.12.0_react-dom@19.2._b4d225983ca452cc66870eee41951246/node_modules/@react-router/dev/dist/config[2K[1G[2K[1Gtransforming (5) [2m../../node_modules/.pnpm/react@19.2.4/node_modules/react/jsx-runtime.js[22m[2K[1Gtransforming (31) [2m../../node_modules/.pnpm/cookie@1.1.1/node_modules/cookie/dist/index.js[22m[2K[1Gtransforming (48) [2m../../node_modules/.pnpm/react-dom@19.2.4_react@19.2.4/node_modules/react-dom/cjs/react-dom-client.production.js[22m[2K[1Gtransforming (49) [2m../../node_modules/.pnpm/react-dom@19.2.4_react@19.2.4/node_modules/react-dom/client.js[22m[2K[1Gtransforming (58) [2mapp/contexts/auth-context.tsx[22m[2K[1G[2K[1Gtransforming (64) [2m../../node_modules/.pnpm/@pittorica+alert-dialog-react@0.26.3_react-dom@19.2.4_react@19.2.4__react@19.2.4/node_modules/@pittorica/alert-dialog-react/dist/index.js[22m[2K[1Gtransforming (880) [2m../../node_modules/.pnpm/@tabler+icons-react@3.37.1_react@19.2.4/node_modules/@tabler/icons-react/dist/esm/icons/IconBrandDeno.mjs[22m[2K[1Gtransforming (1055) [2m../../node_modules/.pnpm/@tabler+icons-react@3.37.1_react@19.2.4/node_modules/@tabler/icons-react/dist/esm/icons/IconBrandSkype.mjs[22m[2K[1Gtransforming (1065) [2m../../node_modules/.pnpm/@tabler+icons-react@3.37.1_react@19.2.4/node_modules/@tabler/icons-react/dist/esm/icons/IconBrandSolidjs.mjs[22m[2K[1Gtransforming (1884) [2m../../node_modules/.pnpm/@tabler+icons-react@3.37.1_react@19.2.4/node_modules/@tabler/icons-react/dist/esm/icons/IconCurrencyHryvnia.mjs[22m[2K[1Gtransforming (2059) [2m../../node_modules/.pnpm/@tabler+icons-react@3.37.1_react@19.2.4/node_modules/@tabler/icons-react/dist/esm/icons/IconDeviceIpadShare.mjs[22m[2K[1Gtransforming (2068) [2m../../node_modules/.pnpm/@tabler+icons-react@3.37.1_react@19.2.4/node_modules/@tabler/icons-react/dist/esm/icons/IconDeviceLaptop.mjs[22m[2K[1Gtransforming (2886) [2m../../node_modules/.pnpm/@tabler+icons-react@3.37.1_react@19.2.4/node_modules/@tabler/icons-react/dist/esm/icons/IconHttpQueOff.mjs[22m[2K[1Gtransforming (3061) [2m../../node_modules/.pnpm/@tabler+icons-react@3.37.1_react@19.2.4/node_modules/@tabler/icons-react/dist/esm/icons/IconLetterISmall.mjs[22m[2K[1Gtransforming (3068) [2m../../node_modules/.pnpm/@tabler+icons-react@3.37.1_react@19.2.4/node_modules/@tabler/icons-react/dist/esm/icons/IconLetterL.mjs[22m[2K[1Gtransforming (3886) [2m../../node_modules/.pnpm/@tabler+icons-react@3.37.1_react@19.2.4/node_modules/@tabler/icons-react/dist/esm/icons/IconPhotoShare.mjs[22m[2K[1Gtransforming (4061) [2m../../node_modules/.pnpm/@tabler+icons-react@3.37.1_react@19.2.4/node_modules/@tabler/icons-react/dist/esm/icons/IconRadiusBottomRight.mjs[22m[2K[1Gtransforming (4068) [2m../../node_modules/.pnpm/@tabler+icons-react@3.37.1_react@19.2.4/node_modules/@tabler/icons-react/dist/esm/icons/IconRating16Plus.mjs[22m[2K[1Gtransforming (4886) [2m../../node_modules/.pnpm/@tabler+icons-react@3.37.1_react@19.2.4/node_modules/@tabler/icons-react/dist/esm/icons/IconUserCircle.mjs[22m[2K[1Gtransforming (5061) [2m../../node_modules/.pnpm/@tabler+icons-react@3.37.1_react@19.2.4/node_modules/@tabler/icons-react/dist/esm/icons/IconWorldUp.mjs[22m[2K[1Gtransforming (5068) [2m../../node_modules/.pnpm/@tabler+icons-react@3.37.1_react@19.2.4/node_modules/@tabler/icons-react/dist/esm/icons/IconWritingSignOff.mjs[22m[2K[1Gtransforming (5886) [2m../../node_modules/.pnpm/@tabler+icons-react@3.37.1_react@19.2.4/node_modules/@tabler/icons-react/dist/esm/icons/IconPuzzleFilled.mjs[22m[2K[1Gtransforming (6061) [2m../../node_modules/.pnpm/@tabler+icons-react@3.37.1_react@19.2.4/node_modules/@tabler/icons-react/dist/esm/icons/IconSunLowFilled.mjs[22m[2K[1Gtransforming (6141) [2m../../node_modules/.pnpm/react-syntax-highlighter@16.1.0_react@19.2.4/node_modules/react-syntax-highlighter/dist/esm/default-highlight.js[22m[2K[1Gtransforming (6170) [2m../../node_modules/.pnpm/highlight.js@10.7.3/node_modules/highlight.js/lib/languages/actionscript.js[22m[2K[1Gtransforming (6361) [2m../../node_modules/.pnpm/highlight.js@10.7.3/node_modules/highlight.js/lib/core.js[22m[2K[1Gtransforming (6851) [2m../../node_modules/.pnpm/refractor@5.0.0/node_modules/refractor/lang/zig.js[22m[2K[1Gtransforming (6856) [2m../../node_modules/.pnpm/format@0.2.2/node_modules/format/format.js[22m[2K[1Gtransforming (6929) [2m../../node_modules/.pnpm/pittorica@0.26.3/node_modules/pittorica/styles/index.css[22m[2K[1G[32m✓[39m 6929 modules transformed.
[2K[1Grendering chunks (1)...[2K[1Grendering chunks (2)...[2K[1Grendering chunks (3)...[2K[1Grendering chunks (4)...[2K[1Grendering chunks (5)...[2K[1Grendering chunks (6)...[2K[1Grendering chunks (7)...[2K[1Grendering chunks (8)...[2K[1Grendering chunks (9)...[2K[1Grendering chunks (10)...[2K[1Grendering chunks (11)...[2K[1Grendering chunks (12)...[2K[1Grendering chunks (13)...[2K[1Grendering chunks (14)...[2K[1Grendering chunks (15)...[2K[1Grendering chunks (16)...[2K[1Grendering chunks (17)...[2K[1Grendering chunks (18)...[2K[1Grendering chunks (19)...[2K[1Grendering chunks (20)...[2K[1Grendering chunks (21)...[2K[1G[2K[1Gcomputing gzip size (0)...[2K[1Gcomputing gzip size (1)...[2K[1Gcomputing gzip size (2)...[2K[1Gcomputing gzip size (3)...[2K[1Gcomputing gzip size (4)...[2K[1Gcomputing gzip size (5)...[2K[1Gcomputing gzip size (6)...[2K[1Gcomputing gzip size (7)...[2K[1Gcomputing gzip size (8)...[2K[1Gcomputing gzip size (9)...[2K[1Gcomputing gzip size (10)...[2K[1Gcomputing gzip size (11)...[2K[1Gcomputing gzip size (12)...[2K[1Gcomputing gzip size (13)...[2K[1Gcomputing gzip size (14)...[2K[1Gcomputing gzip size (15)...[2K[1Gcomputing gzip size (16)...[2K[1Gcomputing gzip size (17)...[2K[1Gcomputing gzip size (18)...[2K[1Gcomputing gzip size (19)...[2K[1Gcomputing gzip size (20)...[2K[1Gcomputing gzip size (21)...[2K[1Gcomputing gzip size (22)...[2K[1Gcomputing gzip size (23)...[2K[1G[2mbuild/client/[22m[2massets/[22m[32mmomo-trust-display-vietnamese-400-normal-CftqFisF.woff   [39m[1m[2m  5.81 kB[22m[1m[22m
[2mbuild/client/[22m[2massets/[22m[32mkode-mono-latin-ext-wght-normal-Bg12RvZk.woff2           [39m[1m[2m  7.66 kB[22m[1m[22m
[2mbuild/client/[22m[2massets/[22m[32mmomo-trust-display-vietnamese-400-normal-Ckp2GjmW.woff2  [39m[1m[2m  7.78 kB[22m[1m[22m
[2mbuild/client/[22m[2massets/[22m[32minknut-antiqua-latin-ext-400-normal-B8Y6AFuP.woff        [39m[1m[2m  8.64 kB[22m[1m[22m
[2mbuild/client/[22m[2massets/[22m[32mmomo-trust-display-latin-ext-400-normal-CqDSAbBN.woff    [39m[1m[2m  8.68 kB[22m[1m[22m
[2mbuild/client/[22m[2massets/[22m[32minter-vietnamese-wght-normal-CBcvBZtf.woff2              [39m[1m[2m 10.25 kB[22m[1m[22m
[2mbuild/client/[22m[2massets/[22m[32mmomo-trust-display-latin-ext-400-normal-BMO4goVx.woff2   [39m[1m[2m 10.64 kB[22m[1m[22m
[2mbuild/client/[22m[2massets/[22m[32minter-greek-ext-wght-normal-DlzME5K_.woff2               [39m[1m[2m 11.23 kB[22m[1m[22m
[2mbuild/client/[22m[2massets/[22m[32minknut-antiqua-latin-ext-400-normal-BimAKarV.woff2       [39m[1m[2m 11.34 kB[22m[1m[22m
[2mbuild/client/[22m[2massets/[22m[32mkode-mono-latin-wght-normal-Bdr_-rJX.woff2               [39m[1m[2m 15.85 kB[22m[1m[22m
[2mbuild/client/[22m[32m.vite/manifest.json                                             [39m[1m[2m 16.55 kB[22m[1m[22m[2m │ gzip:  1.62 kB[22m
[2mbuild/client/[22m[2massets/[22m[32minknut-antiqua-latin-400-normal-fU8PShqE.woff            [39m[1m[2m 17.78 kB[22m[1m[22m
[2mbuild/client/[22m[2massets/[22m[32minter-cyrillic-wght-normal-DqGufNeO.woff2                [39m[1m[2m 18.75 kB[22m[1m[22m
[2mbuild/client/[22m[2massets/[22m[32minter-greek-wght-normal-CkhJZR-_.woff2                   [39m[1m[2m 19.00 kB[22m[1m[22m
[2mbuild/client/[22m[2massets/[22m[32mmomo-trust-display-latin-400-normal-CiZrxJFv.woff        [39m[1m[2m 22.59 kB[22m[1m[22m
[2mbuild/client/[22m[2massets/[22m[32minknut-antiqua-latin-400-normal-DD65l1eY.woff2           [39m[1m[2m 23.58 kB[22m[1m[22m
[2mbuild/client/[22m[2massets/[22m[32mmomo-trust-display-latin-400-normal-y6xVpsUw.woff2       [39m[1m[2m 24.49 kB[22m[1m[22m
[2mbuild/client/[22m[2massets/[22m[32minter-cyrillic-ext-wght-normal-BOeWTOD4.woff2            [39m[1m[2m 25.96 kB[22m[1m[22m
[2mbuild/client/[22m[2massets/[22m[32minter-latin-wght-normal-Dx4kXJAl.woff2                   [39m[1m[2m 48.26 kB[22m[1m[22m
[2mbuild/client/[22m[2massets/[22m[32minknut-antiqua-devanagari-400-normal-qz6yTWyY.woff       [39m[1m[2m 63.50 kB[22m[1m[22m
[2mbuild/client/[22m[2massets/[22m[32minknut-antiqua-devanagari-400-normal-BU8-ztf2.woff2      [39m[1m[2m 76.08 kB[22m[1m[22m
[2mbuild/client/[22m[2massets/[22m[32minter-latin-ext-wght-normal-DO1Apj_S.woff2               [39m[1m[2m 85.07 kB[22m[1m[22m
[2mbuild/client/[22m[2massets/[22m[35mroot-DlOGN24Q.css                                        [39m[1m[2m136.71 kB[22m[1m[22m[2m │ gzip: 15.71 kB[22m
[2mbuild/client/[22m[2massets/[22m[36mIconPlus-DiDwRLna.js                                     [39m[1m[2m  0.19 kB[22m[1m[22m[2m │ gzip:  0.17 kB[22m
[2mbuild/client/[22m[2massets/[22m[36mIconShield-zieQgt9u.js                                   [39m[1m[2m  0.23 kB[22m[1m[22m[2m │ gzip:  0.18 kB[22m
[2mbuild/client/[22m[2massets/[22m[36mprotected-route-Tnx2eq89.js                              [39m[1m[2m  0.23 kB[22m[1m[22m[2m │ gzip:  0.20 kB[22m
[2mbuild/client/[22m[2massets/[22m[36mIconUsers-3J_hTC02.js                                    [39m[1m[2m  0.35 kB[22m[1m[22m[2m │ gzip:  0.23 kB[22m
[2mbuild/client/[22m[2massets/[22m[36mauth-context-DTVO59oV.js                                 [39m[1m[2m  0.67 kB[22m[1m[22m[2m │ gzip:  0.44 kB[22m
[2mbuild/client/[22m[2massets/[22m[36mcreateReactComponent-DBfY6CP1.js                         [39m[1m[2m  0.78 kB[22m[1m[22m[2m │ gzip:  0.45 kB[22m
[2mbuild/client/[22m[2massets/[22m[36mlogin-D16oIT0b.js                                        [39m[1m[2m  1.94 kB[22m[1m[22m[2m │ gzip:  1.03 kB[22m
[2mbuild/client/[22m[2massets/[22m[36mroot-D0rQFDkA.js                                         [39m[1m[2m  2.38 kB[22m[1m[22m[2m │ gzip:  1.17 kB[22m
[2mbuild/client/[22m[2massets/[22m[36moverview-CZF4_K69.js                                     [39m[1m[2m  2.41 kB[22m[1m[22m[2m │ gzip:  1.07 kB[22m
[2mbuild/client/[22m[2massets/[22m[36mdashboard-layout-C-9uPLmR.js                             [39m[1m[2m  3.00 kB[22m[1m[22m[2m │ gzip:  1.20 kB[22m
[2mbuild/client/[22m[2massets/[22m[36mcollaborators-BOhZaxTJ.js                                [39m[1m[2m  3.09 kB[22m[1m[22m[2m │ gzip:  1.39 kB[22m
[2mbuild/client/[22m[2massets/[22m[36m_index-YpHRtr-a.js                                       [39m[1m[2m  3.46 kB[22m[1m[22m[2m │ gzip:  1.57 kB[22m
[2mbuild/client/[22m[2massets/[22m[36mindex-CFGgjdUy.js                                        [39m[1m[2m  3.68 kB[22m[1m[22m[2m │ gzip:  1.40 kB[22m
[2mbuild/client/[22m[2massets/[22m[36mclients-BTPOTeUg.js                                      [39m[1m[2m  3.96 kB[22m[1m[22m[2m │ gzip:  1.66 kB[22m
[2mbuild/client/[22m[2massets/[22m[36maudit-BvlgPYgB.js                                        [39m[1m[2m  4.05 kB[22m[1m[22m[2m │ gzip:  1.61 kB[22m
[2mbuild/client/[22m[2massets/[22m[36mprojects-DeBVwieW.js                                     [39m[1m[2m  4.83 kB[22m[1m[22m[2m │ gzip:  1.96 kB[22m
[2mbuild/client/[22m[2massets/[22m[36msecrets-ChtKtOjO.js                                      [39m[1m[2m  6.16 kB[22m[1m[22m[2m │ gzip:  2.43 kB[22m
[2mbuild/client/[22m[2massets/[22m[36mcrypto-D-FIgM30.js                                       [39m[1m[2m 29.31 kB[22m[1m[22m[2m │ gzip: 11.84 kB[22m
[2mbuild/client/[22m[2massets/[22m[36mchunk-EPOLDU6W-Cf3YrfkB.js                               [39m[1m[2m124.11 kB[22m[1m[22m[2m │ gzip: 41.94 kB[22m
[2mbuild/client/[22m[2massets/[22m[36mentry.client-5Ka9pypF.js                                 [39m[1m[2m186.77 kB[22m[1m[22m[2m │ gzip: 59.06 kB[22m
[2mbuild/client/[22m[2massets/[22m[36mindex-Bg5ZvgB1.js                                        [39m[1m[2m240.01 kB[22m[1m[22m[2m │ gzip: 62.65 kB[22m
[32m✓ built in 9.03s[39m
[36mvite v7.3.1 [32mbuilding ssr environment for production...[36m[39m
[2K[1Gtransforming (1) [2m virtual:react-router/server-build[22m[2K[1Gtransforming (11) [2m../../node_modules/.pnpm/pittorica@0.26.3/node_modules/pittorica/styles/index.css[22m[2K[1G[32m✓[39m 11 modules transformed.
[2K[1Grendering chunks (1)...[2K[1G[2K[1G[2mbuild/server/[22m[2massets/[22m[32mmomo-trust-display-vietnamese-400-normal-CftqFisF.woff   [39m[1m[2m  5.81 kB[22m[1m[22m
[2mbuild/server/[22m[2massets/[22m[32mkode-mono-latin-ext-wght-normal-Bg12RvZk.woff2           [39m[1m[2m  7.66 kB[22m[1m[22m
[2mbuild/server/[22m[2massets/[22m[32mmomo-trust-display-vietnamese-400-normal-Ckp2GjmW.woff2  [39m[1m[2m  7.78 kB[22m[1m[22m
[2mbuild/server/[22m[2massets/[22m[32minknut-antiqua-latin-ext-400-normal-B8Y6AFuP.woff        [39m[1m[2m  8.64 kB[22m[1m[22m
[2mbuild/server/[22m[2massets/[22m[32mmomo-trust-display-latin-ext-400-normal-CqDSAbBN.woff    [39m[1m[2m  8.68 kB[22m[1m[22m
[2mbuild/server/[22m[32m.vite/manifest.json                                             [39m[1m[2m  9.71 kB[22m[1m[22m
[2mbuild/server/[22m[2massets/[22m[32minter-vietnamese-wght-normal-CBcvBZtf.woff2              [39m[1m[2m 10.25 kB[22m[1m[22m
[2mbuild/server/[22m[2massets/[22m[32mmomo-trust-display-latin-ext-400-normal-BMO4goVx.woff2   [39m[1m[2m 10.64 kB[22m[1m[22m
[2mbuild/server/[22m[2massets/[22m[32minter-greek-ext-wght-normal-DlzME5K_.woff2               [39m[1m[2m 11.23 kB[22m[1m[22m
[2mbuild/server/[22m[2massets/[22m[32minknut-antiqua-latin-ext-400-normal-BimAKarV.woff2       [39m[1m[2m 11.34 kB[22m[1m[22m
[2mbuild/server/[22m[2massets/[22m[32mkode-mono-latin-wght-normal-Bdr_-rJX.woff2               [39m[1m[2m 15.85 kB[22m[1m[22m
[2mbuild/server/[22m[2massets/[22m[32minknut-antiqua-latin-400-normal-fU8PShqE.woff            [39m[1m[2m 17.78 kB[22m[1m[22m
[2mbuild/server/[22m[2massets/[22m[32minter-cyrillic-wght-normal-DqGufNeO.woff2                [39m[1m[2m 18.75 kB[22m[1m[22m
[2mbuild/server/[22m[2massets/[22m[32minter-greek-wght-normal-CkhJZR-_.woff2                   [39m[1m[2m 19.00 kB[22m[1m[22m
[2mbuild/server/[22m[2massets/[22m[32mmomo-trust-display-latin-400-normal-CiZrxJFv.woff        [39m[1m[2m 22.59 kB[22m[1m[22m
[2mbuild/server/[22m[2massets/[22m[32minknut-antiqua-latin-400-normal-DD65l1eY.woff2           [39m[1m[2m 23.58 kB[22m[1m[22m
[2mbuild/server/[22m[2massets/[22m[32mmomo-trust-display-latin-400-normal-y6xVpsUw.woff2       [39m[1m[2m 24.49 kB[22m[1m[22m
[2mbuild/server/[22m[2massets/[22m[32minter-cyrillic-ext-wght-normal-BOeWTOD4.woff2            [39m[1m[2m 25.96 kB[22m[1m[22m
[2mbuild/server/[22m[2massets/[22m[32minter-latin-wght-normal-Dx4kXJAl.woff2                   [39m[1m[2m 48.26 kB[22m[1m[22m
[2mbuild/server/[22m[2massets/[22m[32minknut-antiqua-devanagari-400-normal-qz6yTWyY.woff       [39m[1m[2m 63.50 kB[22m[1m[22m
[2mbuild/server/[22m[2massets/[22m[32minknut-antiqua-devanagari-400-normal-BU8-ztf2.woff2      [39m[1m[2m 76.08 kB[22m[1m[22m
[2mbuild/server/[22m[2massets/[22m[32minter-latin-ext-wght-normal-DO1Apj_S.woff2               [39m[1m[2m 85.07 kB[22m[1m[22m
[2mbuild/server/[22m[2massets/[22m[35mserver-build-DlOGN24Q.css                                [39m[1m[2m136.71 kB[22m[1m[22m
[2mbuild/server/[22m[36mindex.js                                                        [39m[1m[2m 17.22 kB[22m[1m[22m

[32m✓[39m 22 assets cleaned from React Router server build.
[2mbuild/client/assets/inknut-antiqua-devanagari-400-normal-BU8-ztf2.woff2[22m
[2mbuild/client/assets/inknut-antiqua-devanagari-400-normal-qz6yTWyY.woff[22m
[2mbuild/client/assets/inknut-antiqua-latin-ext-400-normal-BimAKarV.woff2[22m
[2mbuild/client/assets/inknut-antiqua-latin-ext-400-normal-B8Y6AFuP.woff[22m
[2mbuild/client/assets/inknut-antiqua-latin-400-normal-DD65l1eY.woff2[22m
[2mbuild/client/assets/inknut-antiqua-latin-400-normal-fU8PShqE.woff[22m
[2mbuild/client/assets/inter-cyrillic-ext-wght-normal-BOeWTOD4.woff2[22m
[2mbuild/client/assets/inter-cyrillic-wght-normal-DqGufNeO.woff2[22m
[2mbuild/client/assets/inter-greek-ext-wght-normal-DlzME5K_.woff2[22m
[2mbuild/client/assets/inter-greek-wght-normal-CkhJZR-_.woff2[22m
[2mbuild/client/assets/inter-vietnamese-wght-normal-CBcvBZtf.woff2[22m
[2mbuild/client/assets/inter-latin-ext-wght-normal-DO1Apj_S.woff2[22m
[2mbuild/client/assets/inter-latin-wght-normal-Dx4kXJAl.woff2[22m
[2mbuild/client/assets/momo-trust-display-vietnamese-400-normal-Ckp2GjmW.woff2[22m
[2mbuild/client/assets/momo-trust-display-vietnamese-400-normal-CftqFisF.woff[22m
[2mbuild/client/assets/momo-trust-display-latin-ext-400-normal-BMO4goVx.woff2[22m
[2mbuild/client/assets/momo-trust-display-latin-ext-400-normal-CqDSAbBN.woff[22m
[2mbuild/client/assets/momo-trust-display-latin-400-normal-y6xVpsUw.woff2[22m
[2mbuild/client/assets/momo-trust-display-latin-400-normal-CiZrxJFv.woff[22m
[2mbuild/client/assets/kode-mono-latin-ext-wght-normal-Bg12RvZk.woff2[22m
[2mbuild/client/assets/kode-mono-latin-wght-normal-Bdr_-rJX.woff2[22m
[2mbuild/server/assets/server-build-DlOGN24Q.css[22m

SPA Mode: Generated [1mbuild/client/index.html[22m
Removing the server build in [32m/home/dcdavidev/bastion/apps/web/build/server[39m due to ssr:false
[32m✓ built in 977ms[39m
